# JRE version: Java(TM) SE Runtime Environment 18.9 (11.0.13+10) (build 11.0.13+10-LTS-370)
# Java VM: Java HotSpot(TM) 64-Bit Server VM 18.9 (11.0.13+10-LTS-370, mixed mode, tiered, compressed oops, g1 gc, windows-amd64)
Heap:
 garbage-first heap   total 131072K, used 7088K [0x0000000080c00000, 0x0000000100000000)
  region size 1024K, 3 young (3072K), 3 survivors (3072K)
 Metaspace       used 21275K, capacity 21730K, committed 21760K, reserved 1085440K
  class space    used 2322K, capacity 2538K, committed 2560K, reserved 1048576K
GC Heap History (8 events):
Event: 0.898 GC heap before
{Heap before GC invocations=0 (full 0):
 garbage-first heap   total 131072K, used 14336K [0x0000000080c00000, 0x0000000100000000)
  region size 1024K, 14 young (14336K), 0 survivors (0K)
 Metaspace       used 12699K, capacity 12960K, committed 13184K, reserved 1060864K
  class space    used 1268K, capacity 1376K, committed 1408K, reserved 1048576K
}
Event: 0.905 GC heap after
{Heap after GC invocations=1 (full 0):
 garbage-first heap   total 131072K, used 4123K [0x0000000080c00000, 0x0000000100000000)
  region size 1024K, 2 young (2048K), 2 survivors (2048K)
 Metaspace       used 12699K, capacity 12960K, committed 13184K, reserved 1060864K
  class space    used 1268K, capacity 1376K, committed 1408K, reserved 1048576K
}
Event: 1.115 GC heap before
{Heap before GC invocations=1 (full 0):
 garbage-first heap   total 131072K, used 14363K [0x0000000080c00000, 0x0000000100000000)
  region size 1024K, 12 young (12288K), 2 survivors (2048K)
 Metaspace       used 14866K, capacity 15237K, committed 15360K, reserved 1062912K
  class space    used 1575K, capacity 1740K, committed 1792K, reserved 1048576K
}
Event: 1.117 GC heap after
{Heap after GC invocations=2 (full 0):
 garbage-first heap   total 131072K, used 4603K [0x0000000080c00000, 0x0000000100000000)
  region size 1024K, 1 young (1024K), 1 survivors (1024K)
 Metaspace       used 14866K, capacity 15237K, committed 15360K, reserved 1062912K
  class space    used 1575K, capacity 1740K, committed 1792K, reserved 1048576K
}
Event: 1.418 GC heap before
{Heap before GC invocations=2 (full 0):
 garbage-first heap   total 131072K, used 26107K [0x0000000080c00000, 0x0000000100000000)
  region size 1024K, 23 young (23552K), 1 survivors (1024K)
 Metaspace       used 20445K, capacity 20822K, committed 20864K, reserved 1077248K
  class space    used 2225K, capacity 2405K, committed 2432K, reserved 1048576K
}
Event: 1.421 GC heap after
{Heap after GC invocations=3 (full 0):
 garbage-first heap   total 131072K, used 6726K [0x0000000080c00000, 0x0000000100000000)
  region size 1024K, 3 young (3072K), 3 survivors (3072K)
 Metaspace       used 20445K, capacity 20822K, committed 20864K, reserved 1077248K
  class space    used 2225K, capacity 2405K, committed 2432K, reserved 1048576K
}
Event: 1.452 GC heap before
{Heap before GC invocations=4 (full 0):
 garbage-first heap   total 131072K, used 8774K [0x0000000080c00000, 0x0000000100000000)
  region size 1024K, 6 young (6144K), 3 survivors (3072K)
 Metaspace       used 21275K, capacity 21730K, committed 21760K, reserved 1083392K
  class space    used 2322K, capacity 2538K, committed 2560K, reserved 1048576K
}
Event: 1.454 GC heap after
{Heap after GC invocations=5 (full 0):
 garbage-first heap   total 131072K, used 7088K [0x0000000080c00000, 0x0000000100000000)
  region size 1024K, 3 young (3072K), 3 survivors (3072K)
 Metaspace       used 21275K, capacity 21730K, committed 21760K, reserved 1083392K
  class space    used 2322K, capacity 2538K, committed 2560K, reserved 1048576K
}

